<?xml version="1.0" encoding="UTF-8"?>
<testng-results ignored="0" total="1" passed="1" failed="0" skipped="0">
  <reporter-output>
  </reporter-output>
  <suite started-at="2024-07-01T11:05:03 IST" name="Suite" finished-at="2024-07-01T11:05:20 IST" duration-ms="16373">
    <groups>
    </groups>
    <test started-at="2024-07-01T11:05:03 IST" name="GMail" finished-at="2024-07-01T11:05:20 IST" duration-ms="16373">
      <class name="com.gmail.testCases.TC_InboxPage">
        <test-method is-config="true" signature="getDataFromTestNGXMLFile(org.testng.ITestContext)[pri:0, instance:com.gmail.testCases.TC_InboxPage@42e3ede4]" started-at="2024-07-01T11:05:04 IST" name="getDataFromTestNGXMLFile" finished-at="2024-07-01T11:05:04 IST" duration-ms="50" status="PASS">
          <params>
            <param index="0">
              <value>
                <![CDATA[org.testng.TestRunner@7eeb38b2]]>
              </value>
            </param>
          </params>
          <reporter-output>
          </reporter-output>
        </test-method> <!-- getDataFromTestNGXMLFile -->
        <test-method is-config="true" signature="Setup(java.lang.String)[pri:0, instance:com.gmail.testCases.TC_InboxPage@42e3ede4]" started-at="2024-07-01T11:05:04 IST" name="Setup" finished-at="2024-07-01T11:05:06 IST" depends-on-methods="com.gmail.testCases.BaseClass.getDataFromTestNGXMLFile" duration-ms="2806" status="PASS">
          <params>
            <param index="0">
              <value>
                <![CDATA[chrome]]>
              </value>
            </param>
          </params>
          <reporter-output>
          </reporter-output>
        </test-method> <!-- Setup -->
        <test-method is-config="true" signature="Login(java.lang.String)[pri:0, instance:com.gmail.testCases.TC_InboxPage@42e3ede4]" started-at="2024-07-01T11:05:06 IST" name="Login" finished-at="2024-07-01T11:05:06 IST" duration-ms="2" status="PASS">
          <params>
            <param index="0">
              <value>
                <![CDATA[user]]>
              </value>
            </param>
          </params>
          <reporter-output>
          </reporter-output>
        </test-method> <!-- Login -->
        <test-method signature="test_DelteEmails()[pri:1, instance:com.gmail.testCases.TC_InboxPage@42e3ede4]" started-at="2024-07-01T11:05:06 IST" name="test_DelteEmails" finished-at="2024-07-01T11:05:19 IST" duration-ms="13011" status="PASS">
          <reporter-output>
          </reporter-output>
        </test-method> <!-- test_DelteEmails -->
        <test-method is-config="true" signature="Logout(java.lang.String)[pri:0, instance:com.gmail.testCases.TC_InboxPage@42e3ede4]" started-at="2024-07-01T11:05:19 IST" name="Logout" finished-at="2024-07-01T11:05:19 IST" duration-ms="1" status="PASS">
          <params>
            <param index="0">
              <value>
                <![CDATA[user]]>
              </value>
            </param>
          </params>
          <reporter-output>
          </reporter-output>
        </test-method> <!-- Logout -->
        <test-method is-config="true" signature="Teardown()[pri:0, instance:com.gmail.testCases.TC_InboxPage@42e3ede4]" started-at="2024-07-01T11:05:19 IST" name="Teardown" finished-at="2024-07-01T11:05:20 IST" depends-on-methods="com.gmail.testCases.BaseClass.Logout" duration-ms="65" status="PASS">
          <reporter-output>
          </reporter-output>
        </test-method> <!-- Teardown -->
      </class> <!-- com.gmail.testCases.TC_InboxPage -->
    </test> <!-- GMail -->
  </suite> <!-- Suite -->
</testng-results>
